0 info it worked if it ends with ok
1 verbose cli [ '/usr/local/Cellar/node/7.7.4/bin/node',
1 verbose cli   '/usr/local/bin/npm',
1 verbose cli   'start' ]
2 info using npm@4.1.2
3 info using node@v7.7.4
4 verbose run-script [ 'prestart', 'start', 'poststart' ]
5 info lifecycle trivia-reactn@0.1.0~prestart: trivia-reactn@0.1.0
6 verbose lifecycle trivia-reactn@0.1.0~prestart: unsafe-perm in lifecycle true
7 verbose lifecycle trivia-reactn@0.1.0~prestart: PATH: /usr/local/lib/node_modules/npm/bin/node-gyp-bin:/Users/keatonhodges/Documents/run tests/untitled folder/trivia-react/node_modules/.bin:/usr/local/bin:/usr/bin:/bin:/usr/sbin:/sbin
8 verbose lifecycle trivia-reactn@0.1.0~prestart: CWD: /Users/keatonhodges/Documents/run tests/untitled folder/trivia-react
9 silly lifecycle trivia-reactn@0.1.0~prestart: Args: [ '-c', 'npm-run-all --parallel start-message' ]
10 silly lifecycle trivia-reactn@0.1.0~prestart: Returned: code: 0  signal: null
11 info lifecycle trivia-reactn@0.1.0~start: trivia-reactn@0.1.0
12 verbose lifecycle trivia-reactn@0.1.0~start: unsafe-perm in lifecycle true
13 verbose lifecycle trivia-reactn@0.1.0~start: PATH: /usr/local/lib/node_modules/npm/bin/node-gyp-bin:/Users/keatonhodges/Documents/run tests/untitled folder/trivia-react/node_modules/.bin:/usr/local/bin:/usr/bin:/bin:/usr/sbin:/sbin
14 verbose lifecycle trivia-reactn@0.1.0~start: CWD: /Users/keatonhodges/Documents/run tests/untitled folder/trivia-react
15 silly lifecycle trivia-reactn@0.1.0~start: Args: [ '-c',
15 silly lifecycle   'npm-run-all --parallel test:watch open:src lint:watch' ]
16 silly lifecycle trivia-reactn@0.1.0~start: Returned: code: 1  signal: null
17 info lifecycle trivia-reactn@0.1.0~start: Failed to exec start script
18 verbose stack Error: trivia-reactn@0.1.0 start: `npm-run-all --parallel test:watch open:src lint:watch`
18 verbose stack Exit status 1
18 verbose stack     at EventEmitter.<anonymous> (/usr/local/lib/node_modules/npm/lib/utils/lifecycle.js:279:16)
18 verbose stack     at emitTwo (events.js:106:13)
18 verbose stack     at EventEmitter.emit (events.js:194:7)
18 verbose stack     at ChildProcess.<anonymous> (/usr/local/lib/node_modules/npm/lib/utils/spawn.js:40:14)
18 verbose stack     at emitTwo (events.js:106:13)
18 verbose stack     at ChildProcess.emit (events.js:194:7)
18 verbose stack     at maybeClose (internal/child_process.js:899:16)
18 verbose stack     at Process.ChildProcess._handle.onexit (internal/child_process.js:226:5)
19 verbose pkgid trivia-reactn@0.1.0
20 verbose cwd /Users/keatonhodges/Documents/run tests/untitled folder/trivia-react
21 error Darwin 16.4.0
22 error argv "/usr/local/Cellar/node/7.7.4/bin/node" "/usr/local/bin/npm" "start"
23 error node v7.7.4
24 error npm  v4.1.2
25 error code ELIFECYCLE
26 error trivia-reactn@0.1.0 start: `npm-run-all --parallel test:watch open:src lint:watch`
26 error Exit status 1
27 error Failed at the trivia-reactn@0.1.0 start script 'npm-run-all --parallel test:watch open:src lint:watch'.
27 error Make sure you have the latest version of node.js and npm installed.
27 error If you do, this is most likely a problem with the trivia-reactn package,
27 error not with npm itself.
27 error Tell the author that this fails on your system:
27 error     npm-run-all --parallel test:watch open:src lint:watch
27 error You can get information on how to open an issue for this project with:
27 error     npm bugs trivia-reactn
27 error Or if that isn't available, you can get their info via:
27 error     npm owner ls trivia-reactn
27 error There is likely additional logging output above.
28 verbose exit [ 1, true ]
